2020-09-16T09:33:09+00:00 INFO Subscription Request Parameters: Array
(
    [method] => POST
    [uri] => https://api-3t.paypal.com/nvp
    [user-agent] => WooCommerce-Subscriptions-PayPal/2.2.13 (WooCommerce/3.6.5; WordPress/5.2.7)
    [headers] => Array
        (
        )

    [body] => Array
(
    [USER] => **************************
    [PWD] => ****************
    [SIGNATURE] => ********************************************************
    [VERSION] => 124
    [METHOD] => SetExpressCheckout
    [L_BILLINGTYPE0] => MerchantInitiatedBillingSingleAgreement
    [L_BILLINGAGREEMENTDESCRIPTION0] => Orders with Bongos Books
    [RETURNURL] => https://bongosadventures.com/wc-api/wcs_paypal/?action=reference_transaction_account_check
    [CANCELURL] => https://bongosadventures.com/wc-api/wcs_paypal/?action=reference_transaction_account_check
    [BRANDNAME] => Bongos Books
    [LANDINGPAGE] => Login
    [NOSHIPPING] => 1
    [MAXAMT] => 0.00
)

    [duration] => 1.05837s
)

2020-09-16T09:33:09+00:00 INFO Subscription Request Response: Array
(
    [code] => 200
    [message] => OK
    [headers] => Requests_Utility_CaseInsensitiveDictionary Object
        (
            [data:protected] => Array
                (
                    [content-type] => text/plain; charset=utf-8
                    [content-length] => 292
                    [date] => Wed, 16 Sep 2020 09:33:09 GMT
                    [cache-control] => max-age=0, no-cache, no-store, must-revalidate
                    [caller_acct_num] => 6DBA2B93023789731D1A06B95F73B991A00381558F9C1C3659D65C42BA161EEC
                    [paypal-debug-id] => fc3894f7ddbe
                    [x-paypal-api-rc] => 11452
                    [x-paypal-operation-name] => SetExpressCheckout
                    [x-slr-retry-api] => SetExpressCheckout
                    [strict-transport-security] => max-age=31536000; includeSubDomains
                )

        )

    [body] => Array
(
    [TIMESTAMP] => 2020-09-16T09:33:09Z
    [CORRELATIONID] => fc3894f7ddbe
    [ACK] => Failure
    [VERSION] => 124
    [BUILD] => 54896595
    [L_ERRORCODE0] => 11452
    [L_SHORTMESSAGE0] => Merchant not enabled for reference transactions
    [L_LONGMESSAGE0] => Merchant not enabled for reference transactions
    [L_SEVERITYCODE0] => Error
)

)

