2020-09-24T16:40:27+00:00 INFO Subscription Request Parameters: Array
(
    [method] => POST
    [uri] => https://api-3t.paypal.com/nvp
    [user-agent] => WooCommerce-Subscriptions-PayPal/2.2.13 (WooCommerce/3.6.5; WordPress/5.2.7)
    [headers] => Array
        (
        )

    [body] => Array
(
    [USER] => **************************
    [PWD] => ****************
    [SIGNATURE] => ********************************************************
    [VERSION] => 124
    [METHOD] => SetExpressCheckout
    [L_BILLINGTYPE0] => MerchantInitiatedBillingSingleAgreement
    [L_BILLINGAGREEMENTDESCRIPTION0] => Orders with Bongos Books
    [RETURNURL] => http://localhost/app/wc-api/wcs_paypal/?action=reference_transaction_account_check
    [CANCELURL] => http://localhost/app/wc-api/wcs_paypal/?action=reference_transaction_account_check
    [BRANDNAME] => Bongos Books
    [LANDINGPAGE] => Login
    [NOSHIPPING] => 1
    [MAXAMT] => 0.00
)

    [duration] => 3.42933s
)

2020-09-24T16:40:27+00:00 INFO Subscription Request Response: Array
(
    [code] => 200
    [message] => OK
    [headers] => Requests_Utility_CaseInsensitiveDictionary Object
        (
            [data:protected] => Array
                (
                    [content-type] => text/plain; charset=utf-8
                    [content-length] => 293
                    [date] => Thu, 24 Sep 2020 16:40:28 GMT
                    [cache-control] => max-age=0, no-cache, no-store, must-revalidate
                    [caller_acct_num] => 6DBA2B93023789731D1A06B95F73B991A00381558F9C1C3659D65C42BA161EEC
                    [paypal-debug-id] => adf5ed920aafb
                    [pragma] => no-cache
                    [set-cookie] => X-PP-SILOVER=name%3DLIVE3.WEB.1%26silo_version%3D880%26app%3Dappdispatcher_apit%26TIME%3D1591643782%26HTTP_X_PP_AZ_LOCATOR%3D; Path=/; Domain=paypal.com; Expires=Thu, 24 Sep 2020 17:10:28 GMT; HttpOnly; Secure
                    [x-paypal-api-rc] => 11452
                    [x-paypal-operation-name] => SetExpressCheckout
                    [x-slr-retry-api] => SetExpressCheckout
                    [strict-transport-security] => max-age=31536000; includeSubDomains
                )

        )

    [body] => Array
(
    [TIMESTAMP] => 2020-09-24T16:40:28Z
    [CORRELATIONID] => adf5ed920aafb
    [ACK] => Failure
    [VERSION] => 124
    [BUILD] => 54906389
    [L_ERRORCODE0] => 11452
    [L_SHORTMESSAGE0] => Merchant not enabled for reference transactions
    [L_LONGMESSAGE0] => Merchant not enabled for reference transactions
    [L_SEVERITYCODE0] => Error
)

)

